Log analysis report Sun Apr 19 19:03:28 UTC 2026
---------------------------
Log analysis report Sun Apr 19 19:06:28 UTC 2026
---------------------------
Log analysis report Sun Apr 19 19:08:40 UTC 2026
---------------------------
Log analysis report Sun Apr 19 19:09:11 UTC 2026
---------------------------
Log analysis report Sun Apr 19 19:11:40 UTC 2026
---------------------------
Checking /var/log/cloud-init-output.log
Checking /var/log/cloud-init.log
Checking /var/log/dnf.librepo.log
Checking /var/log/dnf.log
Checking /var/log/dnf.rpm.log
Checking /var/log/hawkey.log
Log analysis report Sun Apr 19 19:13:42 UTC 2026
---------------------------
Checking /var/log/cloud-init-output.log
Checking /var/log/cloud-init.log
Checking /var/log/dnf.librepo.log
Checking /var/log/dnf.log
Checking /var/log/dnf.rpm.log
Checking /var/log/hawkey.log
